# JRE version: OpenJDK Runtime Environment (8.0_212-b04) (build 1.8.0_212-release-1586-b04)
# Java VM: OpenJDK 64-Bit Server VM (25.212-b04 mixed mode windows-amd64 compressed oops)
Heap:
 PSYoungGen      total 294912K, used 46419K [0x00000000e0000000, 0x00000000f4300000, 0x0000000100000000)
  eden space 271360K, 8% used [0x00000000e0000000,0x00000000e1657018,0x00000000f0900000)
  from space 23552K, 99% used [0x00000000f2c00000,0x00000000f42fdd68,0x00000000f4300000)
  to   space 29696K, 0% used [0x00000000f0900000,0x00000000f0900000,0x00000000f2600000)
 ParOldGen       total 214528K, used 74818K [0x00000000a0000000, 0x00000000ad180000, 0x00000000e0000000)
  object space 214528K, 34% used [0x00000000a0000000,0x00000000a4910b80,0x00000000ad180000)
 Metaspace       used 115911K, capacity 121648K, committed 121856K, reserved 1155072K
  class space    used 15175K, capacity 16264K, committed 16384K, reserved 1048576K
GC Heap History (10 events):
Event: 106.462 GC heap before
{Heap before GC invocations=20 (full 4):
 PSYoungGen      total 276992K, used 14041K [0x00000000e0000000, 0x00000000f2e80000, 0x0000000100000000)
  eden space 243200K, 0% used [0x00000000e0000000,0x00000000e0000000,0x00000000eed80000)
  from space 33792K, 41% used [0x00000000f0c80000,0x00000000f1a36758,0x00000000f2d80000)
  to   space 31744K, 0% used [0x00000000eed80000,0x00000000eed80000,0x00000000f0c80000)
 ParOldGen       total 136704K, used 71020K [0x00000000a0000000, 0x00000000a8580000, 0x00000000e0000000)
  object space 136704K, 51% used [0x00000000a0000000,0x00000000a455b338,0x00000000a8580000)
 Metaspace       used 93886K, capacity 98436K, committed 98560K, reserved 1134592K
  class space    used 12485K, capacity 13358K, committed 13440K, reserved 1048576K
Event: 106.763 GC heap after
Heap after GC invocations=20 (full 4):
 PSYoungGen      total 276992K, used 0K [0x00000000e0000000, 0x00000000f2e80000, 0x0000000100000000)
  eden space 243200K, 0% used [0x00000000e0000000,0x00000000e0000000,0x00000000eed80000)
  from space 33792K, 0% used [0x00000000f0c80000,0x00000000f0c80000,0x00000000f2d80000)
  to   space 31744K, 0% used [0x00000000eed80000,0x00000000eed80000,0x00000000f0c80000)
 ParOldGen       total 214528K, used 67262K [0x00000000a0000000, 0x00000000ad180000, 0x00000000e0000000)
  object space 214528K, 31% used [0x00000000a0000000,0x00000000a41afb40,0x00000000ad180000)
 Metaspace       used 93823K, capacity 98264K, committed 98560K, reserved 1134592K
  class space    used 12464K, capacity 13320K, committed 13440K, reserved 1048576K
}
Event: 245.426 GC heap before
{Heap before GC invocations=21 (full 4):
 PSYoungGen      total 276992K, used 243200K [0x00000000e0000000, 0x00000000f2e80000, 0x0000000100000000)
  eden space 243200K, 100% used [0x00000000e0000000,0x00000000eed80000,0x00000000eed80000)
  from space 33792K, 0% used [0x00000000f0c80000,0x00000000f0c80000,0x00000000f2d80000)
  to   space 31744K, 0% used [0x00000000eed80000,0x00000000eed80000,0x00000000f0c80000)
 ParOldGen       total 214528K, used 67262K [0x00000000a0000000, 0x00000000ad180000, 0x00000000e0000000)
  object space 214528K, 31% used [0x00000000a0000000,0x00000000a41afb40,0x00000000ad180000)
 Metaspace       used 100691K, capacity 105444K, committed 105728K, reserved 1140736K
  class space    used 13104K, capacity 14003K, committed 14080K, reserved 1048576K
Event: 245.450 GC heap after
Heap after GC invocations=21 (full 4):
 PSYoungGen      total 274944K, used 10377K [0x00000000e0000000, 0x00000000f4a00000, 0x0000000100000000)
  eden space 243200K, 0% used [0x00000000e0000000,0x00000000e0000000,0x00000000eed80000)
  from space 31744K, 32% used [0x00000000eed80000,0x00000000ef7a2620,0x00000000f0c80000)
  to   space 30720K, 0% used [0x00000000f2c00000,0x00000000f2c00000,0x00000000f4a00000)
 ParOldGen       total 214528K, used 67270K [0x00000000a0000000, 0x00000000ad180000, 0x00000000e0000000)
  object space 214528K, 31% used [0x00000000a0000000,0x00000000a41b1b40,0x00000000ad180000)
 Metaspace       used 100691K, capacity 105444K, committed 105728K, reserved 1140736K
  class space    used 13104K, capacity 14003K, committed 14080K, reserved 1048576K
}
Event: 251.169 GC heap before
{Heap before GC invocations=22 (full 4):
 PSYoungGen      total 274944K, used 253577K [0x00000000e0000000, 0x00000000f4a00000, 0x0000000100000000)
  eden space 243200K, 100% used [0x00000000e0000000,0x00000000eed80000,0x00000000eed80000)
  from space 31744K, 32% used [0x00000000eed80000,0x00000000ef7a2620,0x00000000f0c80000)
  to   space 30720K, 0% used [0x00000000f2c00000,0x00000000f2c00000,0x00000000f4a00000)
 ParOldGen       total 214528K, used 67270K [0x00000000a0000000, 0x00000000ad180000, 0x00000000e0000000)
  object space 214528K, 31% used [0x00000000a0000000,0x00000000a41b1b40,0x00000000ad180000)
 Metaspace       used 100777K, capacity 105604K, committed 105728K, reserved 1140736K
  class space    used 13110K, capacity 14035K, committed 14080K, reserved 1048576K
Event: 251.178 GC heap after
Heap after GC invocations=22 (full 4):
 PSYoungGen      total 294912K, used 8361K [0x00000000e0000000, 0x00000000f4300000, 0x0000000100000000)
  eden space 271360K, 0% used [0x00000000e0000000,0x00000000e0000000,0x00000000f0900000)
  from space 23552K, 35% used [0x00000000f2c00000,0x00000000f342a5b8,0x00000000f4300000)
  to   space 29696K, 0% used [0x00000000f0900000,0x00000000f0900000,0x00000000f2600000)
 ParOldGen       total 214528K, used 67278K [0x00000000a0000000, 0x00000000ad180000, 0x00000000e0000000)
  object space 214528K, 31% used [0x00000000a0000000,0x00000000a41b3b40,0x00000000ad180000)
 Metaspace       used 100777K, capacity 105604K, committed 105728K, reserved 1140736K
  class space    used 13110K, capacity 14035K, committed 14080K, reserved 1048576K
}
Event: 253.329 GC heap before
{Heap before GC invocations=23 (full 4):
 PSYoungGen      total 294912K, used 279721K [0x00000000e0000000, 0x00000000f4300000, 0x0000000100000000)
  eden space 271360K, 100% used [0x00000000e0000000,0x00000000f0900000,0x00000000f0900000)
  from space 23552K, 35% used [0x00000000f2c00000,0x00000000f342a5b8,0x00000000f4300000)
  to   space 29696K, 0% used [0x00000000f0900000,0x00000000f0900000,0x00000000f2600000)
 ParOldGen       total 214528K, used 67278K [0x00000000a0000000, 0x00000000ad180000, 0x00000000e0000000)
  object space 214528K, 31% used [0x00000000a0000000,0x00000000a41b3b40,0x00000000ad180000)
 Metaspace       used 109955K, capacity 115274K, committed 115456K, reserved 1148928K
  class space    used 14267K, capacity 15277K, committed 15360K, reserved 1048576K
Event: 253.346 GC heap after
Heap after GC invocations=23 (full 4):
 PSYoungGen      total 301056K, used 22358K [0x00000000e0000000, 0x00000000f4300000, 0x0000000100000000)
  eden space 271360K, 0% used [0x00000000e0000000,0x00000000e0000000,0x00000000f0900000)
  from space 29696K, 75% used [0x00000000f0900000,0x00000000f1ed5b08,0x00000000f2600000)
  to   space 23552K, 0% used [0x00000000f2c00000,0x00000000f2c00000,0x00000000f4300000)
 ParOldGen       total 214528K, used 67286K [0x00000000a0000000, 0x00000000ad180000, 0x00000000e0000000)
  object space 214528K, 31% used [0x00000000a0000000,0x00000000a41b5b40,0x00000000ad180000)
 Metaspace       used 109955K, capacity 115274K, committed 115456K, reserved 1148928K
  class space    used 14267K, capacity 15277K, committed 15360K, reserved 1048576K
}
Event: 259.064 GC heap before
{Heap before GC invocations=24 (full 4):
 PSYoungGen      total 301056K, used 293718K [0x00000000e0000000, 0x00000000f4300000, 0x0000000100000000)
  eden space 271360K, 100% used [0x00000000e0000000,0x00000000f0900000,0x00000000f0900000)
  from space 29696K, 75% used [0x00000000f0900000,0x00000000f1ed5b08,0x00000000f2600000)
  to   space 23552K, 0% used [0x00000000f2c00000,0x00000000f2c00000,0x00000000f4300000)
 ParOldGen       total 214528K, used 67286K [0x00000000a0000000, 0x00000000ad180000, 0x00000000e0000000)
  object space 214528K, 31% used [0x00000000a0000000,0x00000000a41b5b40,0x00000000ad180000)
 Metaspace       used 115745K, capacity 121512K, committed 121856K, reserved 1155072K
  class space    used 15152K, capacity 16260K, committed 16384K, reserved 1048576K
Event: 259.094 GC heap after
Heap after GC invocations=24 (full 4):
 PSYoungGen      total 294912K, used 23543K [0x00000000e0000000, 0x00000000f4300000, 0x0000000100000000)
  eden space 271360K, 0% used [0x00000000e0000000,0x00000000e0000000,0x00000000f0900000)
  from space 23552K, 99% used [0x00000000f2c00000,0x00000000f42fdd68,0x00000000f4300000)
  to   space 29696K, 0% used [0x00000000f0900000,0x00000000f0900000,0x00000000f2600000)
 ParOldGen       total 214528K, used 74818K [0x00000000a0000000, 0x00000000ad180000, 0x00000000e0000000)
  object space 214528K, 34% used [0x00000000a0000000,0x00000000a4910b80,0x00000000ad180000)
 Metaspace       used 115745K, capacity 121512K, committed 121856K, reserved 1155072K
  class space    used 15152K, capacity 16260K, committed 16384K, reserved 1048576K
}

